<?xml version="1.0" encoding="utf-8"?>
<run passed="0" failed="1" unexecuted="0" time="2719" total="1">
  <tests>
    <test key=".\SalaryCostApi" name="SalaryCostApi" outcome="failed" time="2370">
      <step id="7jBdhd1HWHjbBwo9mV3KZc" name="Http Request" outcome="passed" time="2285">
        <action id="5Qpa4pp1E5DUSPwA4hEEnI" type="http-request" outcome="passed" time="2277" />
      </step>
    </test>
  </tests>
  <output>
    <output message="The test case is starting ..." />
    <output message="Create Excel Result File" />
    <output message="Time of starting Test :: _21032023_03_01_22" />
    <output message="File Not Find" />
    <output message="Get CSV :: Could not find file 'C:\Users\anchaudhary\Documents\Test Studio Projects\Indus-PerformancesMeasurements\PMD\TestFile\TestPerf.csv'." />
    <output message="Executing HTTP Request: PUT https://arc.salarycostsapi.is.ssg/api/v1/SalaryCosts" />
    <output message="Response received with status code: 200 OK" />
    <output message="Ending the test case ..." />
  </output>
  <errors>
    <error message="Running test's 'OnAfterTestCompleted' method failed. Message: 'Index was outside the bounds of the array.'" />
  </errors>
</run>